<?xml version="1.0" encoding="UTF-8"?>
<!-- Generated by org.testng.reporters.JUnitReportReporter -->
<testsuite hostname="DESKTOP-MIFC7FK" failures="0" tests="1" name="testCases.TC001_AccountRegistrationTest" time="10.159" errors="0" timestamp="2024-12-26T18:12:39 IST" skipped="0">
  <testcase classname="testCases.TC001_AccountRegistrationTest" name="verify_account_registration" time="10.159"/>
</testsuite> <!-- testCases.TC001_AccountRegistrationTest -->
