<?xml version="1.0" encoding="UTF-8"?>
<!-- Generated by org.testng.reporters.JUnitReportReporter -->
<testsuite hostname="DESKTOP-MIFC7FK" failures="0" tests="1" name="testCases.TC002_LoginTest" time="7.958" errors="0" timestamp="2024-12-26T18:12:39 IST" skipped="0">
  <testcase classname="testCases.TC002_LoginTest" name="verify_login" time="7.958"/>
</testsuite> <!-- testCases.TC002_LoginTest -->
